<?xml version="1.0" encoding="UTF-8"?>
<testsuite name="Prueba de operaciones de ciclo y subir archivo" tests="1" skipped="0" failures="1" errors="0" timestamp="2024-09-18T16:04:11" hostname="PE-HO-ACH-018" time="31.56">
  <properties/>
  <testcase name="Editar un ciclo de tiempo" classname="Prueba de operaciones de ciclo y subir archivo" time="31.56">
    <failure message="org.openqa.selenium.NoSuchElementException: no such element: Unable to locate element: {&quot;method&quot;:&quot;xpath&quot;,&quot;selector&quot;:&quot;/html/body/div[3]/div/div[2]/aside/div[2]/div/section/div/ul/li[13]/a/span&quot;}&#10;  (Session info: chrome=128.0.6613.138)&#10;For documentation on this error, please visit: https://www.seleniumhq.org/exceptions/no_such_element.html&#10;Build info: version: '3.141.59', revision: 'e82be7d358', time: '2018-11-14T08:17:03'&#10;System info: host: 'PE-HO-ACH-018', ip: '192.168.247.243', os.name: 'Windows 10', os.arch: 'amd64', os.version: '10.0', java.version: '17.0.10'&#10;Driver info: org.openqa.selenium.chrome.ChromeDriver&#10;Capabilities {acceptInsecureCerts: false, browserName: chrome, browserVersion: 128.0.6613.138, chrome: {chromedriverVersion: 128.0.6613.137 (fe621c5aa2d..., userDataDir: C:\Users\SERGIO~1\AppData\L...}, fedcm:accounts: true, goog:chromeOptions: {debuggerAddress: localhost:58852}, javascriptEnabled: true, networkConnectionEnabled: false, pageLoadStrategy: normal, platform: WINDOWS, platformName: WINDOWS, proxy: Proxy(), setWindowRect: true, strictFileInteractability: false, timeouts: {implicit: 0, pageLoad: 300000, script: 30000}, unhandledPromptBehavior: dismiss and notify, webauthn:extension:credBlob: true, webauthn:extension:largeBlob: true, webauthn:extension:minPinLength: true, webauthn:extension:prf: true, webauthn:virtualAuthenticators: true}&#10;Session ID: 7994091225d18b79d1084c55d9647dd9&#10;*** Element info: {Using=xpath, value=/html/body/div[3]/div/div[2]/aside/div[2]/div/section/div/ul/li[13]/a/span}" type="org.openqa.selenium.NoSuchElementException">org.openqa.selenium.NoSuchElementException: no such element: Unable to locate element: {&quot;method&quot;:&quot;xpath&quot;,&quot;selector&quot;:&quot;/html/body/div[3]/div/div[2]/aside/div[2]/div/section/div/ul/li[13]/a/span&quot;}
  (Session info: chrome=128.0.6613.138)
For documentation on this error, please visit: https://www.seleniumhq.org/exceptions/no_such_element.html
Build info: version: '3.141.59', revision: 'e82be7d358', time: '2018-11-14T08:17:03'
System info: host: 'PE-HO-ACH-018', ip: '192.168.247.243', os.name: 'Windows 10', os.arch: 'amd64', os.version: '10.0', java.version: '17.0.10'
Driver info: org.openqa.selenium.chrome.ChromeDriver
Capabilities {acceptInsecureCerts: false, browserName: chrome, browserVersion: 128.0.6613.138, chrome: {chromedriverVersion: 128.0.6613.137 (fe621c5aa2d..., userDataDir: C:\Users\SERGIO~1\AppData\L...}, fedcm:accounts: true, goog:chromeOptions: {debuggerAddress: localhost:58852}, javascriptEnabled: true, networkConnectionEnabled: false, pageLoadStrategy: normal, platform: WINDOWS, platformName: WINDOWS, proxy: Proxy(), setWindowRect: true, strictFileInteractability: false, timeouts: {implicit: 0, pageLoad: 300000, script: 30000}, unhandledPromptBehavior: dismiss and notify, webauthn:extension:credBlob: true, webauthn:extension:largeBlob: true, webauthn:extension:minPinLength: true, webauthn:extension:prf: true, webauthn:virtualAuthenticators: true}
Session ID: 7994091225d18b79d1084c55d9647dd9
*** Element info: {Using=xpath, value=/html/body/div[3]/div/div[2]/aside/div[2]/div/section/div/ul/li[13]/a/span}
	at java.base@17.0.10/jdk.internal.reflect.NativeConstructorAccessorImpl.newInstance0(Native Method)
	at java.base@17.0.10/jdk.internal.reflect.NativeConstructorAccessorImpl.newInstance(NativeConstructorAccessorImpl.java:77)
	at java.base@17.0.10/jdk.internal.reflect.DelegatingConstructorAccessorImpl.newInstance(DelegatingConstructorAccessorImpl.java:45)
	at java.base@17.0.10/java.lang.reflect.Constructor.newInstanceWithCaller(Constructor.java:499)
	at java.base@17.0.10/java.lang.reflect.Constructor.newInstance(Constructor.java:480)
	at app//org.openqa.selenium.remote.http.W3CHttpResponseCodec.createException(W3CHttpResponseCodec.java:187)
	at app//org.openqa.selenium.remote.http.W3CHttpResponseCodec.decode(W3CHttpResponseCodec.java:122)
	at app//org.openqa.selenium.remote.http.W3CHttpResponseCodec.decode(W3CHttpResponseCodec.java:49)
	at app//org.openqa.selenium.remote.HttpCommandExecutor.execute(HttpCommandExecutor.java:158)
	at app//org.openqa.selenium.remote.service.DriverCommandExecutor.execute(DriverCommandExecutor.java:83)
	at app//org.openqa.selenium.remote.RemoteWebDriver.execute(RemoteWebDriver.java:552)
	at app//org.openqa.selenium.remote.RemoteWebDriver.findElement(RemoteWebDriver.java:323)
	at app//org.openqa.selenium.remote.RemoteWebDriver.findElementByXPath(RemoteWebDriver.java:428)
	at app//org.openqa.selenium.By$ByXPath.findElement(By.java:353)
	at app//org.openqa.selenium.remote.RemoteWebDriver.findElement(RemoteWebDriver.java:315)
	at app//net.thucydides.core.webdriver.WebDriverFacade.findElement(WebDriverFacade.java:222)
	at app//com.integra.ach.steps.IntegraMenuPrincipalStep.clickCatalogo(IntegraMenuPrincipalStep.java:36)
	at app//com.integra.ach.steps.IntegraMenuPrincipalStep$$EnhancerByCGLIB$$a41fddbb.CGLIB$clickCatalogo$1(&lt;generated&gt;)
	at app//com.integra.ach.steps.IntegraMenuPrincipalStep$$EnhancerByCGLIB$$a41fddbb$$FastClassByCGLIB$$a3484ee9.invoke(&lt;generated&gt;)
	at app//net.sf.cglib.proxy.MethodProxy.invokeSuper(MethodProxy.java:228)
	at app//net.thucydides.core.steps.StepInterceptor.invokeMethod(StepInterceptor.java:460)
	at app//net.thucydides.core.steps.StepInterceptor.executeTestStepMethod(StepInterceptor.java:445)
	at app//net.thucydides.core.steps.StepInterceptor.runTestStep(StepInterceptor.java:420)
	at app//net.thucydides.core.steps.StepInterceptor.runOrSkipMethod(StepInterceptor.java:175)
	at app//net.thucydides.core.steps.StepInterceptor.testStepResult(StepInterceptor.java:162)
	at app//net.thucydides.core.steps.StepInterceptor.intercept(StepInterceptor.java:68)
	at app//com.integra.ach.steps.IntegraMenuPrincipalStep$$EnhancerByCGLIB$$a41fddbb.clickCatalogo(&lt;generated&gt;)
	at app//com.integra.ach.stepDefinitions.EditarUnCicloStepDefinition.ingresarACicloDeTiempoYEditoLaInformacionDelCiclohoraMas5Minutos(EditarUnCicloStepDefinition.java:31)
	at ✽.Ingresar a ciclo de tiempo y edito la informacion del ciclo horaMas5Minutos &quot;1&quot;(src/test/resources/com.integra.ach.features/SubirArchivo.feature:7)
</failure>
  </testcase>
  <system-out><![CDATA[]]></system-out>
  <system-err><![CDATA[Cleaning up unclosed ZipFile for archive D:\Integra\Integra-flujos\HubDePagos_Flujo4.1\.\src\test\resources\Data\Data_CuadreYConciliacion.xlsx
Cleaning up unclosed ZipFile for archive D:\Integra\Integra-flujos\HubDePagos_Flujo4.1\.\src\test\resources\Data\Data_PlanillaConsolidada.xlsx
Cleaning up unclosed ZipFile for archive D:\Integra\Integra-flujos\HubDePagos_Flujo4.1\.\src\test\resources\Data\Data_PlanillaDeCompensacion.xlsx
sep. 18, 2024 11:04:11 A. M. org.openqa.selenium.remote.DesiredCapabilities chrome
INFO: Using `new ChromeOptions()` is preferred to `DesiredCapabilities.chrome()`
[Test worker] INFO net.serenitybdd.core.webdriver.driverproviders.ProvideNewDriver - Instantiating driver
[Test worker] INFO net.serenitybdd.core.webdriver.driverproviders.ProvideNewDriver - Driver capabilities: Capabilities {acceptInsecureCerts: false, browserName: chrome, chrome.switches: --start-maximized --disable..., goog:chromeOptions: {args: [--start-maximized, --disable-popup-blocking, --ignore-certificate-errors], extensions: []}, loggingPrefs: org.openqa.selenium.logging..., platform: ANY, version: }
Starting ChromeDriver 128.0.6613.137 (fe621c5aa2d6b987e964fb1b5066833da5fb613d-refs/branch-heads/6613@{#1711}) on port 49039
Only local connections are allowed.
Please see https://chromedriver.chromium.org/security-considerations for suggestions on keeping ChromeDriver safe.
ChromeDriver was started successfully on port 49039.
sep. 18, 2024 11:04:14 A. M. org.openqa.selenium.remote.ProtocolHandshake createSession
INFO: Detected dialect: W3C
[Test worker] ERROR net.thucydides.core.steps.ConsoleLoggingListener - 
           __  _____ _____ ____ _____   _____ _    ___ _     _____ ____  
  _       / / |_   _| ____/ ___|_   _| |  ___/ \  |_ _| |   | ____|  _ \ 
 (_)_____| |    | | |  _| \___ \ | |   | |_ / _ \  | || |   |  _| | | | |
  _|_____| |    | | | |___ ___) || |   |  _/ ___ \ | || |___| |___| |_| |
 (_)     | |    |_| |_____|____/ |_|   |_|/_/   \_\___|_____|_____|____/ 
          \_\                                                            

TEST FAILED WITH ERROR: Editar un ciclo de tiempo
---------------------------------------------------------------------
[Test worker] ERROR net.thucydides.core.steps.ConsoleLoggingListener - TEST FAILED AT STEP Click catalogo
[Test worker] ERROR net.thucydides.core.steps.ConsoleLoggingListener - no such element: Unable to locate element: {"method":"xpath","selector":"/html/body/div[3]/div/div[2]/aside/div[2]/div/section/div/ul/li[13]/a/span"}
]]></system-err>
</testsuite>
